jun. 10, 2022 3:27:13 P. M. com.viafirma.pablocubero.prueba.servicios.impl.LogService saveLog
INFO: For input string: "wer"
jun. 10, 2022 3:28:42 P. M. org.apache.catalina.core.StandardService stopInternal
INFO: Stopping service [Tomcat]
jun. 10, 2022 3:28:42 P. M. org.apache.catalina.core.ApplicationContext log
INFO: Destroying Spring FrameworkServlet 'dispatcherServlet'
jun. 10, 2022 3:28:43 P. M. org.apache.catalina.core.StandardService startInternal
INFO: Starting service [Tomcat]
jun. 10, 2022 3:28:43 P. M. org.apache.catalina.core.StandardEngine startInternal
INFO: Starting Servlet engine: [Apache Tomcat/9.0.63]
jun. 10, 2022 3:28:43 P. M. org.apache.catalina.core.ApplicationContext log
INFO: Initializing Spring embedded WebApplicationContext
jun. 10, 2022 3:29:11 P. M. org.apache.catalina.core.StandardService stopInternal
INFO: Stopping service [Tomcat]
jun. 10, 2022 3:29:11 P. M. org.apache.catalina.core.StandardService startInternal
INFO: Starting service [Tomcat]
jun. 10, 2022 3:29:11 P. M. org.apache.catalina.core.StandardEngine startInternal
INFO: Starting Servlet engine: [Apache Tomcat/9.0.63]
jun. 10, 2022 3:29:11 P. M. org.apache.catalina.core.ApplicationContext log
INFO: Initializing Spring embedded WebApplicationContext
jun. 10, 2022 3:29:49 P. M. org.apache.catalina.core.StandardService stopInternal
INFO: Stopping service [Tomcat]
jun. 10, 2022 3:29:50 P. M. org.apache.catalina.core.StandardService startInternal
INFO: Starting service [Tomcat]
jun. 10, 2022 3:29:50 P. M. org.apache.catalina.core.StandardEngine startInternal
INFO: Starting Servlet engine: [Apache Tomcat/9.0.63]
jun. 10, 2022 3:29:50 P. M. org.apache.catalina.core.ApplicationContext log
INFO: Initializing Spring embedded WebApplicationContext
jun. 10, 2022 3:29:55 P. M. org.apache.catalina.core.StandardService stopInternal
INFO: Stopping service [Tomcat]
jun. 10, 2022 3:29:55 P. M. org.apache.catalina.core.StandardService startInternal
INFO: Starting service [Tomcat]
jun. 10, 2022 3:29:55 P. M. org.apache.catalina.core.StandardEngine startInternal
INFO: Starting Servlet engine: [Apache Tomcat/9.0.63]
jun. 10, 2022 3:29:55 P. M. org.apache.catalina.core.ApplicationContext log
INFO: Initializing Spring embedded WebApplicationContext
jun. 10, 2022 3:30:07 P. M. org.apache.catalina.core.StandardService stopInternal
INFO: Stopping service [Tomcat]
jun. 10, 2022 3:30:07 P. M. org.apache.catalina.core.StandardService startInternal
INFO: Starting service [Tomcat]
jun. 10, 2022 3:30:07 P. M. org.apache.catalina.core.StandardEngine startInternal
INFO: Starting Servlet engine: [Apache Tomcat/9.0.63]
jun. 10, 2022 3:30:07 P. M. org.apache.catalina.core.ApplicationContext log
INFO: Initializing Spring embedded WebApplicationContext
jun. 10, 2022 3:30:13 P. M. org.apache.catalina.core.StandardService stopInternal
INFO: Stopping service [Tomcat]
jun. 10, 2022 3:30:13 P. M. org.apache.catalina.core.StandardService startInternal
INFO: Starting service [Tomcat]
jun. 10, 2022 3:30:13 P. M. org.apache.catalina.core.StandardEngine startInternal
INFO: Starting Servlet engine: [Apache Tomcat/9.0.63]
jun. 10, 2022 3:30:13 P. M. org.apache.catalina.core.ApplicationContext log
INFO: Initializing Spring embedded WebApplicationContext
jun. 10, 2022 3:30:23 P. M. org.apache.catalina.core.ApplicationContext log
INFO: Initializing Spring DispatcherServlet 'dispatcherServlet'
jun. 10, 2022 3:30:30 P. M. org.apache.catalina.core.StandardService stopInternal
INFO: Stopping service [Tomcat]
jun. 10, 2022 3:30:30 P. M. org.apache.catalina.core.ApplicationContext log
INFO: Destroying Spring FrameworkServlet 'dispatcherServlet'
jun. 10, 2022 3:30:30 P. M. org.apache.catalina.core.StandardService startInternal
INFO: Starting service [Tomcat]
jun. 10, 2022 3:30:30 P. M. org.apache.catalina.core.StandardEngine startInternal
INFO: Starting Servlet engine: [Apache Tomcat/9.0.63]
jun. 10, 2022 3:30:30 P. M. org.apache.catalina.core.ApplicationContext log
INFO: Initializing Spring embedded WebApplicationContext
jun. 10, 2022 3:34:46 P. M. org.apache.catalina.core.StandardService stopInternal
INFO: Stopping service [Tomcat]
jun. 10, 2022 3:34:46 P. M. org.apache.catalina.core.StandardService startInternal
INFO: Starting service [Tomcat]
jun. 10, 2022 3:34:46 P. M. org.apache.catalina.core.StandardEngine startInternal
INFO: Starting Servlet engine: [Apache Tomcat/9.0.63]
jun. 10, 2022 3:34:46 P. M. org.apache.catalina.core.ApplicationContext log
INFO: Initializing Spring embedded WebApplicationContext
